2021-04-28 16:17:13,803:INFO:Tracks added by Aerite#1564 in The hangout
2021-04-28 16:21:40,650:INFO:Tracks added by Aerite#1564 in The hangout
2021-04-28 18:47:32,133:INFO:[MUSIC]Tracks added by Middlle#7488 in The hangout
2021-04-28 18:47:44,344:INFO:[MUSIC]Queue requested by Middlle#7488 in The hangout
2021-04-28 18:48:23,907:INFO:[MUSIC]Music stopped by Middlle#7488 in The hangout
2021-04-29 15:00:50,984:INFO:[MUSIC]Tracks added by Aerite#1564 in The hangout
2021-04-29 15:01:08,145:INFO:[MUSIC]Music paused by Aerite#1564 in The hangout
2021-04-29 15:09:51,592:INFO:[MUSIC]Music stopped by Aerite#1564 in The hangout
2021-04-29 15:10:39,633:INFO:[MUSIC]Music stopped by Aerite#1564 in The hangout
2021-04-29 15:10:54,799:INFO:[MUSIC]Music paused by Aerite#1564 in The hangout
2021-04-29 15:27:30,018:INFO:[MUSIC]Tracks added by Aerite#1564 in The hangout
2021-04-29 15:29:15,211:INFO:[MUSIC]Tracks added by Aerite#1564 in The hangout
2021-04-29 15:29:24,602:INFO:[MUSIC]Volume change requested by Aerite#1564 in The hangout
2021-04-29 15:31:01,516:INFO:[MUSIC]Tracks added by Aerite#1564 in The hangout
2021-04-29 15:31:12,167:INFO:[MUSIC]Volume change requested by Aerite#1564 in The hangout
2021-04-29 15:33:56,268:INFO:[MUSIC]Music stopped by Aerite#1564 in The hangout
2021-04-29 15:34:37,941:INFO:[MUSIC]Tracks added by Aerite#1564 in The hangout
2021-04-29 15:35:22,761:INFO:[MUSIC]Tracks added by Aerite#1564 in The hangout
2021-04-29 15:35:28,995:INFO:[MUSIC]Volume change requested by Aerite#1564 in The hangout
2021-04-29 15:40:20,145:INFO:[MUSIC]Tracks added by Aerite#1564 in The hangout
2021-04-29 15:40:42,585:INFO:[MUSIC]Music stopped by Aerite#1564 in The hangout
2021-04-29 15:41:28,055:INFO:[MUSIC]Tracks added by Aerite#1564 in The hangout
2021-04-29 15:41:33,281:INFO:[MUSIC]Music stopped by Aerite#1564 in The hangout
2021-04-29 15:43:07,652:INFO:[MUSIC]Tracks added by Aerite#1564 in The hangout
2021-04-29 15:43:11,983:INFO:[MUSIC]Music stopped by Aerite#1564 in The hangout
2021-04-29 16:15:25,211:INFO:[MUSIC]Tracks added by Middlle#7488 in The hangout
2021-04-29 16:15:39,831:INFO:[MUSIC]Music stopped by Middlle#7488 in The hangout
2021-04-29 19:18:34,677:INFO:[MUSIC]Tracks added by Middlle#7488 in The hangout
2021-04-29 19:18:49,075:INFO:[MUSIC]Volume change requested by Middlle#7488 in The hangout
2021-04-29 19:19:32,135:INFO:[MUSIC]Music stopped by Middlle#7488 in The hangout
2021-04-29 19:56:01,476:INFO:[MUSIC]Tracks added by Middlle#7488 in The hangout
2021-04-29 20:01:00,207:INFO:[MUSIC]Queue requested by Middlle#7488 in The hangout
2021-04-29 20:08:08,652:INFO:[MUSIC]Queue requested by Middlle#7488 in The hangout
